<?xml version="1.0" encoding="UTF-8"?>
<robot generator="Robot 3.1.1 (Python 3.7.3 on win32)" generated="20190627 16:48:39.034" rpa="false">
<suite id="s1" name="Digi D machtigen" source="C:\Users\nbr040\Desktop\eclipse-workspace\Digi D machtigen">
<suite id="s1-s1" name="1-Features" source="C:\Users\nbr040\Desktop\eclipse-workspace\Digi D machtigen\1-Features">
<suite id="s1-s1-s1" name="DigiD Machtigen happy flow" source="C:\Users\nbr040\Desktop\eclipse-workspace\Digi D machtigen\1-Features\DigiD Machtigen happy flow.robot">
<test id="s1-s1-s1-t1" name="Scenario: Happy flow - Inloggen met Digi D machtigen">
<kw name="Given ik op de keuzepagina ben" library="DigiD_steps">
<kw name="Open Browser" library="SeleniumLibrary">
<doc>Opens a new browser instance to the given ``url``.</doc>
<arguments>
<arg>${URL}</arg>
<arg>${BROWSER}</arg>
</arguments>
<msg timestamp="20190627 16:48:39.678" level="INFO">Opening browser 'Chrome' to base url 'https://mijnuwv-t.ba.uwv.nl/iam/inloggen/?q=78a8e612-52c8-44e3-a253-ec10abd7f94c&amp;p=a960d433-8a07-412c-b0b3-6185b80e87d6&amp;ts=1561643576&amp;c=uwvnederland&amp;e=mijnuwvgo&amp;rt=Queue&amp;h=2472801cf613f518467464ea2624ecd3'.</msg>
<status status="PASS" starttime="20190627 16:48:39.677" endtime="20190627 16:48:42.918"></status>
</kw>
<status status="PASS" starttime="20190627 16:48:39.676" endtime="20190627 16:48:42.919"></status>
</kw>
<kw name="and ik kies voor - Inloggen voor iemand anders met machtiging - en inlog via DigiD" library="DigiD_steps">
<kw name="wachtopbutton" library="DigiD_helper">
<kw name="Sleep" library="BuiltIn">
<doc>Pauses the test executed for the given time.</doc>
<arguments>
<arg>20</arg>
</arguments>
<msg timestamp="20190627 16:49:02.924" level="INFO">Slept 20 seconds</msg>
<status status="PASS" starttime="20190627 16:48:42.922" endtime="20190627 16:49:02.924"></status>
</kw>
<kw name="Wait Until Element Is Visible" library="SeleniumLibrary">
<doc>Waits until element ``locator`` is visible.</doc>
<arguments>
<arg>${button}</arg>
</arguments>
<kw name="Capture Page Screenshot" library="SeleniumLibrary">
<doc>Takes screenshot of the current page and embeds it into log file.</doc>
<msg timestamp="20190627 16:49:03.234" level="INFO" html="yes">&lt;/td&gt;&lt;/tr&gt;&lt;tr&gt;&lt;td colspan="3"&gt;&lt;a href="selenium-screenshot-4.png"&gt;&lt;img src="selenium-screenshot-4.png" width="800px"&gt;&lt;/a&gt;</msg>
<status status="PASS" starttime="20190627 16:49:02.949" endtime="20190627 16:49:03.234"></status>
</kw>
<msg timestamp="20190627 16:49:03.239" level="FAIL">InvalidSelectorException: Message: invalid selector: Unable to locate an element with the xpath expression //*[@data-ta-id=mijnuwv-inlog__btn_digidmachtigen"] because of the following error:
SyntaxError: Failed to execute 'evaluate' on 'Document': The string '//*[@data-ta-id=mijnuwv-inlog__btn_digidmachtigen"]' is not a valid XPath expression.
  (Session info: chrome=75.0.3770.100)
  (Driver info: chromedriver=74.0.3729.6 (255758eccf3d244491b8a1317aa76e1ce10d57e9-refs/branch-heads/3729@{#29}),platform=Windows NT 6.3.9600 x86_64)
</msg>
<status status="FAIL" starttime="20190627 16:49:02.925" endtime="20190627 16:49:03.239"></status>
</kw>
<status status="FAIL" starttime="20190627 16:48:42.921" endtime="20190627 16:49:03.240"></status>
</kw>
<status status="FAIL" starttime="20190627 16:48:42.920" endtime="20190627 16:49:03.241"></status>
</kw>
<status status="FAIL" starttime="20190627 16:48:39.675" endtime="20190627 16:49:03.241" critical="yes">InvalidSelectorException: Message: invalid selector: Unable to locate an element with the xpath expression //*[@data-ta-id=mijnuwv-inlog__btn_digidmachtigen"] because of the following error:
SyntaxError: Failed to execute 'evaluate' on 'Document': The string '//*[@data-ta-id=mijnuwv-inlog__btn_digidmachtigen"]' is not a valid XPath expression.
  (Session info: chrome=75.0.3770.100)
  (Driver info: chromedriver=74.0.3729.6 (255758eccf3d244491b8a1317aa76e1ce10d57e9-refs/branch-heads/3729@{#29}),platform=Windows NT 6.3.9600 x86_64)
</status>
</test>
<status status="FAIL" starttime="20190627 16:48:39.119" endtime="20190627 16:49:03.243"></status>
</suite>
<status status="FAIL" starttime="20190627 16:48:39.116" endtime="20190627 16:49:03.246"></status>
</suite>
<status status="FAIL" starttime="20190627 16:48:39.076" endtime="20190627 16:49:03.249"></status>
</suite>
<statistics>
<total>
<stat pass="0" fail="1">Critical Tests</stat>
<stat pass="0" fail="1">All Tests</stat>
</total>
<tag>
</tag>
<suite>
<stat pass="0" fail="1" id="s1" name="Digi D machtigen">Digi D machtigen</stat>
<stat pass="0" fail="1" id="s1-s1" name="1-Features">Digi D machtigen.1-Features</stat>
<stat pass="0" fail="1" id="s1-s1-s1" name="DigiD Machtigen happy flow">Digi D machtigen.1-Features.DigiD Machtigen happy flow</stat>
</suite>
</statistics>
<errors>
</errors>
</robot>
